<?xml version="1.0" encoding="UTF-8"?>
<testsuite xmlns:xsi="http://www.w3.org/2001/XMLSchema-instance" xsi:noNamespaceSchemaLocation="https://maven.apache.org/surefire/maven-surefire-plugin/xsd/surefire-test-report.xsd" name="TestSuite" time="147.614" tests="7" errors="0" skipped="4" failures="2">
  <properties>
[...]
</properties>
  <testcase name="UserCanChooseDeliveryLocation" classname="tests.ChooseLocationTest" time="4.731"/>
  <testcase name="UserCanLoginToElmenus" classname="tests.CheckOutTest" time="1.131">
    <failure message="unknown error: Element &lt;button type=&quot;button&quot; data-toggle=&quot;modal&quot; data-target=&quot;#login-signup-modal&quot; class=&quot;btn btn-link login-btn&quot;&gt;...&lt;/button&gt; is not clickable at point (984, 41). Other element would receive the click: &lt;div class=&quot;modal-header&quot;&gt;...&lt;/div&gt;&#10;  (Session info: chrome=86.0.4240.198)&#10;  (Driver info: chromedriver=2.38.552522 (437e6fbedfa8762dec75e2c5b3ddb86763dc9dcb),platform=Windows NT 10.0.18363 x86_64) (WARNING: The server did not provide any stacktrace information)&#10;Command duration or timeout: 0 milliseconds&#10;Build info: version: &apos;3.141.59&apos;, revision: &apos;e82be7d358&apos;, time: &apos;2018-11-14T08:17:03&apos;&#10;System info: host: &apos;KEZZO-LT&apos;, ip: &apos;192.168.1.9&apos;, os.name: &apos;Windows 10&apos;, os.arch: &apos;amd64&apos;, os.version: &apos;10.0&apos;, java.version: &apos;12.0.2&apos;&#10;Driver info: org.openqa.selenium.chrome.ChromeDriver&#10;Capabilities {acceptInsecureCerts: false, acceptSslCerts: false, applicationCacheEnabled: false, browserConnectionEnabled: false, browserName: chrome, chrome: {chromedriverVersion: 2.38.552522 (437e6fbedfa876..., userDataDir: C:\Users\AMAHMO~1.ELE\AppDa...}, cssSelectorsEnabled: true, databaseEnabled: false, handlesAlerts: true, hasTouchScreen: false, javascriptEnabled: true, locationContextEnabled: true, mobileEmulationEnabled: false, nativeEvents: true, networkConnectionEnabled: false, pageLoadStrategy: normal, platform: XP, platformName: XP, rotatable: false, setWindowRect: true, takesHeapSnapshot: true, takesScreenshot: true, unexpectedAlertBehaviour: , unhandledPromptBehavior: , version: 86.0.4240.198, webStorageEnabled: true}&#10;Session ID: bd9626f69e142fc96bc38416a98c2ac6" type="org.openqa.selenium.WebDriverException"><![CDATA[org.openqa.selenium.WebDriverException: 
unknown error: Element <button type="button" data-toggle="modal" data-target="#login-signup-modal" class="btn btn-link login-btn">...</button> is not clickable at point (984, 41). Other element would receive the click: <div class="modal-header">...</div>
  (Session info: chrome=86.0.4240.198)
  (Driver info: chromedriver=2.38.552522 (437e6fbedfa8762dec75e2c5b3ddb86763dc9dcb),platform=Windows NT 10.0.18363 x86_64) (WARNING: The server did not provide any stacktrace information)
Command duration or timeout: 0 milliseconds
Build info: version: '3.141.59', revision: 'e82be7d358', time: '2018-11-14T08:17:03'
System info: host: 'KEZZO-LT', ip: '192.168.1.9', os.name: 'Windows 10', os.arch: 'amd64', os.version: '10.0', java.version: '12.0.2'
Driver info: org.openqa.selenium.chrome.ChromeDriver
Capabilities {acceptInsecureCerts: false, acceptSslCerts: false, applicationCacheEnabled: false, browserConnectionEnabled: false, browserName: chrome, chrome: {chromedriverVersion: 2.38.552522 (437e6fbedfa876..., userDataDir: C:\Users\AMAHMO~1.ELE\AppDa...}, cssSelectorsEnabled: true, databaseEnabled: false, handlesAlerts: true, hasTouchScreen: false, javascriptEnabled: true, locationContextEnabled: true, mobileEmulationEnabled: false, nativeEvents: true, networkConnectionEnabled: false, pageLoadStrategy: normal, platform: XP, platformName: XP, rotatable: false, setWindowRect: true, takesHeapSnapshot: true, takesScreenshot: true, unexpectedAlertBehaviour: , unhandledPromptBehavior: , version: 86.0.4240.198, webStorageEnabled: true}
Session ID: bd9626f69e142fc96bc38416a98c2ac6
	at tests.CheckOutTest.UserCanLoginToElmenus(CheckOutTest.java:34)
]]></failure>
  </testcase>
  <testcase name="UserCanSearchForLocation" classname="tests.ChooseLocationTest" time="120.803">
    <failure message="no such element: Unable to locate element: {&quot;method&quot;:&quot;xpath&quot;,&quot;selector&quot;:&quot;/html/body/div[3]/div[2]/div/div[3]/div[2]/ul/li[1]&quot;}&#10;  (Session info: chrome=86.0.4240.198)&#10;  (Driver info: chromedriver=2.38.552522 (437e6fbedfa8762dec75e2c5b3ddb86763dc9dcb),platform=Windows NT 10.0.18363 x86_64) (WARNING: The server did not provide any stacktrace information)&#10;Command duration or timeout: 0 milliseconds&#10;For documentation on this error, please visit: https://www.seleniumhq.org/exceptions/no_such_element.html&#10;Build info: version: &apos;3.141.59&apos;, revision: &apos;e82be7d358&apos;, time: &apos;2018-11-14T08:17:03&apos;&#10;System info: host: &apos;KEZZO-LT&apos;, ip: &apos;192.168.1.9&apos;, os.name: &apos;Windows 10&apos;, os.arch: &apos;amd64&apos;, os.version: &apos;10.0&apos;, java.version: &apos;12.0.2&apos;&#10;Driver info: org.openqa.selenium.chrome.ChromeDriver&#10;Capabilities {acceptInsecureCerts: false, acceptSslCerts: false, applicationCacheEnabled: false, browserConnectionEnabled: false, browserName: chrome, chrome: {chromedriverVersion: 2.38.552522 (437e6fbedfa876..., userDataDir: C:\Users\AMAHMO~1.ELE\AppDa...}, cssSelectorsEnabled: true, databaseEnabled: false, handlesAlerts: true, hasTouchScreen: false, javascriptEnabled: true, locationContextEnabled: true, mobileEmulationEnabled: false, nativeEvents: true, networkConnectionEnabled: false, pageLoadStrategy: normal, platform: XP, platformName: XP, rotatable: false, setWindowRect: true, takesHeapSnapshot: true, takesScreenshot: true, unexpectedAlertBehaviour: , unhandledPromptBehavior: , version: 86.0.4240.198, webStorageEnabled: true}&#10;Session ID: bd9626f69e142fc96bc38416a98c2ac6&#10;*** Element info: {Using=xpath, value=/html/body/div[3]/div[2]/div/div[3]/div[2]/ul/li[1]}" type="org.openqa.selenium.NoSuchElementException">org.openqa.selenium.NoSuchElementException: 
no such element: Unable to locate element: {"method":"xpath","selector":"/html/body/div[3]/div[2]/div/div[3]/div[2]/ul/li[1]"}
  (Session info: chrome=86.0.4240.198)
  (Driver info: chromedriver=2.38.552522 (437e6fbedfa8762dec75e2c5b3ddb86763dc9dcb),platform=Windows NT 10.0.18363 x86_64) (WARNING: The server did not provide any stacktrace information)
Command duration or timeout: 0 milliseconds
For documentation on this error, please visit: https://www.seleniumhq.org/exceptions/no_such_element.html
Build info: version: '3.141.59', revision: 'e82be7d358', time: '2018-11-14T08:17:03'
System info: host: 'KEZZO-LT', ip: '192.168.1.9', os.name: 'Windows 10', os.arch: 'amd64', os.version: '10.0', java.version: '12.0.2'
Driver info: org.openqa.selenium.chrome.ChromeDriver
Capabilities {acceptInsecureCerts: false, acceptSslCerts: false, applicationCacheEnabled: false, browserConnectionEnabled: false, browserName: chrome, chrome: {chromedriverVersion: 2.38.552522 (437e6fbedfa876..., userDataDir: C:\Users\AMAHMO~1.ELE\AppDa...}, cssSelectorsEnabled: true, databaseEnabled: false, handlesAlerts: true, hasTouchScreen: false, javascriptEnabled: true, locationContextEnabled: true, mobileEmulationEnabled: false, nativeEvents: true, networkConnectionEnabled: false, pageLoadStrategy: normal, platform: XP, platformName: XP, rotatable: false, setWindowRect: true, takesHeapSnapshot: true, takesScreenshot: true, unexpectedAlertBehaviour: , unhandledPromptBehavior: , version: 86.0.4240.198, webStorageEnabled: true}
Session ID: bd9626f69e142fc96bc38416a98c2ac6
*** Element info: {Using=xpath, value=/html/body/div[3]/div[2]/div/div[3]/div[2]/ul/li[1]}
	at tests.ChooseLocationTest.UserCanSearchForLocation(ChooseLocationTest.java:37)
</failure>
  </testcase>
  <testcase name="UserCanSearchforaRestaurant" classname="tests.CheckOutTest" time="0">
    <skipped message="Method CheckOutTest.UserCanSearchforaRestaurant()[pri:2, instance:tests.CheckOutTest@5e72c82a] depends on not successfully finished methods"/>
  </testcase>
  <testcase name="UserCanChooseResult" classname="tests.CheckOutTest" time="0">
    <skipped message="Method CheckOutTest.UserCanChooseResult()[pri:3, instance:tests.CheckOutTest@5e72c82a] depends on not successfully finished methods"/>
  </testcase>
  <testcase name="UserCanChooseFromTopDishes" classname="tests.CheckOutTest" time="0">
    <skipped message="Method CheckOutTest.UserCanChooseFromTopDishes()[pri:4, instance:tests.CheckOutTest@5e72c82a] depends on not successfully finished methods"/>
  </testcase>
  <testcase name="UserCanSelectOrderDetails" classname="tests.CheckOutTest" time="0">
    <skipped message="Method CheckOutTest.UserCanSelectOrderDetails()[pri:5, instance:tests.CheckOutTest@5e72c82a] depends on not successfully finished methods"/>
  </testcase>
</testsuite>